<?xml version="1.0" encoding="UTF-8" standalone="no"?>
<testsuite errors="0" failures="2" name="io.cucumber.core.plugin.JUnitFormatter" skipped="0" tests="4" time="54.609">
    <testcase classname="Login  feature" name="user tries to login with different username/passwords" time="17.28">
        <failure message="no such window: target window already closed&#10;from unknown error: web view not found&#10;  (Session info: chrome=109.0.5414.119)&#10;Build info: version: '4.8.0', revision: '267030adea'&#10;System info: os.name: 'Mac OS X', os.arch: 'x86_64', os.version: '10.15.7', java.version: '11.0.14'&#10;Driver info: org.openqa.selenium.chrome.ChromeDriver&#10;Command: [29c96da97a47c8118dc6b916165e71af, deleteAllCookies {}]&#10;Capabilities {acceptInsecureCerts: false, browserName: chrome, browserVersion: 109.0.5414.119, chrome: {chromedriverVersion: 109.0.5414.74 (e7c5703604da..., userDataDir: /var/folders/v6/s6v8x_3x579...}, goog:chromeOptions: {debuggerAddress: localhost:53435}, networkConnectionEnabled: false, pageLoadStrategy: normal, platformName: MAC, proxy: Proxy(), se:cdp: ws://localhost:53435/devtoo..., se:cdpVersion: 109.0.5414.119, setWindowRect: true, strictFileInteractability: false, timeouts: {implicit: 0, pageLoad: 300000, script: 30000}, unhandledPromptBehavior: dismiss and notify, webauthn:extension:credBlob: true, webauthn:extension:largeBlob: true, webauthn:virtualAuthenticators: true}&#10;Session ID: 29c96da97a47c8118dc6b916165e71af" type="org.openqa.selenium.NoSuchWindowException">
            <![CDATA[Given user is on the application Login Page.................................skipped
When user enters the "standard_user" in the username-field..................skipped
And user enters the "secret_sauce" in the password-field....................skipped
And user clicks on the login button.........................................skipped
And user navigates to the homepage url "https://www.saucedemo.com/inventory.html".skipped
And user clicks on the burger-button the side-menu opens....................skipped
And user hovers and clicks on the logout menuItem...........................skipped
Then user returns to login page.............................................skipped

StackTrace:
org.openqa.selenium.NoSuchWindowException: no such window: target window already closed
from unknown error: web view not found
  (Session info: chrome=109.0.5414.119)
Build info: version: '4.8.0', revision: '267030adea'
System info: os.name: 'Mac OS X', os.arch: 'x86_64', os.version: '10.15.7', java.version: '11.0.14'
Driver info: org.openqa.selenium.chrome.ChromeDriver
Command: [29c96da97a47c8118dc6b916165e71af, deleteAllCookies {}]
Capabilities {acceptInsecureCerts: false, browserName: chrome, browserVersion: 109.0.5414.119, chrome: {chromedriverVersion: 109.0.5414.74 (e7c5703604da..., userDataDir: /var/folders/v6/s6v8x_3x579...}, goog:chromeOptions: {debuggerAddress: localhost:53435}, networkConnectionEnabled: false, pageLoadStrategy: normal, platformName: MAC, proxy: Proxy(), se:cdp: ws://localhost:53435/devtoo..., se:cdpVersion: 109.0.5414.119, setWindowRect: true, strictFileInteractability: false, timeouts: {implicit: 0, pageLoad: 300000, script: 30000}, unhandledPromptBehavior: dismiss and notify, webauthn:extension:credBlob: true, webauthn:extension:largeBlob: true, webauthn:virtualAuthenticators: true}
Session ID: 29c96da97a47c8118dc6b916165e71af
	at java.base/jdk.internal.reflect.NativeConstructorAccessorImpl.newInstance0(Native Method)
	at java.base/jdk.internal.reflect.NativeConstructorAccessorImpl.newInstance(NativeConstructorAccessorImpl.java:62)
	at java.base/jdk.internal.reflect.DelegatingConstructorAccessorImpl.newInstance(DelegatingConstructorAccessorImpl.java:45)
	at java.base/java.lang.reflect.Constructor.newInstance(Constructor.java:490)
	at org.openqa.selenium.remote.codec.w3c.W3CHttpResponseCodec.createException(W3CHttpResponseCodec.java:200)
	at org.openqa.selenium.remote.codec.w3c.W3CHttpResponseCodec.decode(W3CHttpResponseCodec.java:133)
	at org.openqa.selenium.remote.codec.w3c.W3CHttpResponseCodec.decode(W3CHttpResponseCodec.java:53)
	at org.openqa.selenium.remote.HttpCommandExecutor.execute(HttpCommandExecutor.java:184)
	at org.openqa.selenium.remote.service.DriverCommandExecutor.invokeExecute(DriverCommandExecutor.java:167)
	at org.openqa.selenium.remote.service.DriverCommandExecutor.execute(DriverCommandExecutor.java:142)
	at org.openqa.selenium.remote.RemoteWebDriver.execute(RemoteWebDriver.java:543)
	at org.openqa.selenium.remote.RemoteWebDriver.execute(RemoteWebDriver.java:598)
	at org.openqa.selenium.remote.RemoteWebDriver.execute(RemoteWebDriver.java:602)
	at org.openqa.selenium.remote.RemoteWebDriver$RemoteWebDriverOptions.deleteAllCookies(RemoteWebDriver.java:785)
	at testFactory.DriverFactory.init_driver(DriverFactory.java:33)
	at AppHooks.ApplicationHooks.launchBrowser(ApplicationHooks.java:34)
]]>
        </failure>
    </testcase>
    <testcase classname="Login  feature" name="user tries to login with different username/passwords 2" time="13.452">
        <system-out>
            <![CDATA[Given user is on the application Login Page.................................passed
When user enters the "problem_user" in the username-field...................passed
And user enters the "secret_sauce" in the password-field....................passed
And user clicks on the login button.........................................passed
And user navigates to the homepage url "https://www.saucedemo.com/inventory.html".passed
And user clicks on the burger-button the side-menu opens....................passed
And user hovers and clicks on the logout menuItem...........................passed
Then user returns to login page.............................................passed
]]>
        </system-out>
    </testcase>
    <testcase classname="Login  feature" name="user tries to login with different username/passwords 3" time="13.954">
        <system-out>
            <![CDATA[Given user is on the application Login Page.................................passed
When user enters the "performance_glitch_user" in the username-field........passed
And user enters the "secret_sauce" in the password-field....................passed
And user clicks on the login button.........................................passed
And user navigates to the homepage url "https://www.saucedemo.com/inventory.html".passed
And user clicks on the burger-button the side-menu opens....................passed
And user hovers and clicks on the logout menuItem...........................passed
Then user returns to login page.............................................passed
]]>
        </system-out>
    </testcase>
    <testcase classname="Login  feature" name="user tries to login with different username/passwords 4" time="8.879">
        <failure message="expected:&lt;...//www.saucedemo.com/[]&gt; but was:&lt;...//www.saucedemo.com/[inventory.html]&gt;" type="org.junit.ComparisonFailure">
            <![CDATA[Given user is on the application Login Page.................................passed
When user enters the "locked_out_user" in the username-field................passed
And user enters the "secret_sauce" in the password-field....................passed
And user clicks on the login button.........................................passed
And user navigates to the homepage url "https://www.saucedemo.com/inventory.html".failed
And user clicks on the burger-button the side-menu opens....................skipped
And user hovers and clicks on the logout menuItem...........................skipped
Then user returns to login page.............................................skipped

StackTrace:
org.junit.ComparisonFailure: expected:<...//www.saucedemo.com/[]> but was:<...//www.saucedemo.com/[inventory.html]>
	at org.junit.Assert.assertEquals(Assert.java:117)
	at org.junit.Assert.assertEquals(Assert.java:146)
	at stepDefinitions.LoginPageSteps.user_navigates_to_the_homepage_url(LoginPageSteps.java:60)
	at âœ½.user navigates to the homepage url "https://www.saucedemo.com/inventory.html"(file:///Users/Kalpana/IdeaProjects/uppdrag4/src/test/resources/appFeatures/login_logout.feature:10)
]]>
        </failure>
    </testcase>
</testsuite>
